<?xml version="1.0" encoding="UTF-8"?>
<Site BuildName="Win32-mingw32-make"
	BuildStamp="20240330-1725-Experimental"
	Name="DESKTOP-05T6KOU"
	Generator="ctest-3.29.0"
	CompilerName="C:/Program Files/CodeBlocks/MinGW/bin/g++.exe"
	CompilerVersion="8.1.0"
	OSName="Windows"
	Hostname="DESKTOP-05T6KOU"
	OSRelease=" Professional"
	OSVersion=" (Build 22631)"
	OSPlatform="AMD64"
	Is64Bits="1"
	VendorString="AuthenticAMD"
	VendorID="Advanced Micro Devices"
	FamilyID="15"
	ModelID="0"
	ProcessorCacheSize="64"
	NumberOfLogicalCPU="12"
	NumberOfPhysicalCPU="6"
	TotalVirtualMemory="20851"
	TotalPhysicalMemory="15731"
	LogicalProcessorsPerPhysical="2"
	ProcessorClockFrequency="2994"
	>
	<Testing>
		<StartDateTime>Mar 30 21:18 [NON-UTF-8-BYTE-0x8C]rodkowoeuropejski czas stand.</StartDateTime>
		<StartTestTime>1711829914</StartTestTime>
		<TestList/>
		<EndDateTime>Mar 30 21:18 [NON-UTF-8-BYTE-0x8C]rodkowoeuropejski czas stand.</EndDateTime>
		<EndTestTime>1711829914</EndTestTime>
		<ElapsedMinutes>0</ElapsedMinutes>
	</Testing>
</Site>
